#
# A fatal error has been detected by the Java Runtime Environment:
#
#  EXCEPTION_ACCESS_VIOLATION (0xc0000005) at pc=0x18c885d8, pid=17972, tid=18284
#
# JRE version: 7.0_25-b17
# Java VM: Java HotSpot(TM) Client VM (23.25-b01 mixed mode windows-x86 )
# Problematic frame:
# C  [jipopt.dll+0x485d8]  Java_org_coinor_Ipopt_CreateIpoptProblem+0x46afc
#
# Failed to write core dump. Minidumps are not enabled by default on client versions of Windows
#
# If you would like to submit a bug report, please visit:
#   http://bugreport.sun.com/bugreport/crash.jsp
# The crash happened outside the Java Virtual Machine in native code.
# See problematic frame for where to report the bug.
#

---------------  T H R E A D  ---------------

Current thread (0x026db000):  JavaThread "main" [_thread_in_native, id=18284, stack(0x009d0000,0x00a20000)]

siginfo: ExceptionCode=0xc0000005, reading address 0x00000000

Registers:
EAX=0x00000000, EBX=0x00000001, ECX=0x190d1620, EDX=0x190ca380
ESP=0x00a1ea90, EBP=0x190d0960, ESI=0x190d0c70, EDI=0x00000000
EIP=0x18c885d8, EFLAGS=0x00010202

Top of Stack: (sp=0x00a1ea90)
0x00a1ea90:   190ca380 190d1bc0 190c8f88 19006294
0x00a1eaa0:   00a1eab8 00b30000 190d0ba8 00000000
0x00a1eab0:   00a1ea90 190ca138 00a1ed2c 190d0ba8
0x00a1eac0:   0014000f 190d09a0 00000000 190c24c8
0x00a1ead0:   00a1eaec 76fb1fbd 190d1558 190d0bb0
0x00a1eae0:   00000000 190d0bb0 190d0bb0 00a1eb38
0x00a1eaf0:   0000003a 00b30000 f46f73b8 4034c2ad
0x00a1eb00:   00b3a940 00000000 190d1af8 190d0bb0 

Instructions: (pc=0x18c885d8)
0x18c885b8:   44 24 50 8b 71 20 8b 5e 08 85 db 0f 8e 5a f9 ff
0x18c885c8:   ff bb 01 00 00 00 66 90 8b 44 9d fc 8b 7c 24 50
0x18c885d8:   8b 54 df f8 8b 4c df fc 8b 7c 24 70 89 14 c7 89
0x18c885e8:   4c c7 04 89 d8 43 39 46 08 7f dd e9 2b f9 ff ff 


Register to memory mapping:

EAX=0x00000000 is an unknown value
EBX=0x00000001 is an unknown value
ECX=0x190d1620 is an unknown value
EDX=0x190ca380 is an unknown value
ESP=0x00a1ea90 is pointing into the stack for thread: 0x026db000
EBP=0x190d0960 is an unknown value
ESI=0x190d0c70 is an unknown value
EDI=0x00000000 is an unknown value


Stack: [0x009d0000,0x00a20000],  sp=0x00a1ea90,  free space=314k
Native frames: (J=compiled Java code, j=interpreted, Vv=VM code, C=native code)
C  [jipopt.dll+0x485d8]  Java_org_coinor_Ipopt_CreateIpoptProblem+0x46afc

Java frames: (J=compiled Java code, j=interpreted, Vv=VM code)
j  org.coinor.Ipopt.IpoptSolve(J[D[D[D[D[D[D[D[D[D)I+0
j  org.coinor.Ipopt.solve([D)I+48
j  coinipopttest.CoinIpoptTest.main([Ljava/lang/String;)V+15
v  ~StubRoutines::call_stub

---------------  P R O C E S S  ---------------

Java Threads: ( => current thread )
  0x187bd400 JavaThread "Service Thread" daemon [_thread_blocked, id=5444, stack(0x18b60000,0x18bb0000)]
  0x187b7000 JavaThread "C1 CompilerThread0" daemon [_thread_blocked, id=10636, stack(0x18ad0000,0x18b20000)]
  0x187b5c00 JavaThread "Attach Listener" daemon [_thread_blocked, id=564, stack(0x18a40000,0x18a90000)]
  0x187b3800 JavaThread "Signal Dispatcher" daemon [_thread_blocked, id=4976, stack(0x189b0000,0x18a00000)]
  0x00c85800 JavaThread "Finalizer" daemon [_thread_blocked, id=8628, stack(0x18720000,0x18770000)]
  0x00c80c00 JavaThread "Reference Handler" daemon [_thread_blocked, id=18168, stack(0x02680000,0x026d0000)]
=>0x026db000 JavaThread "main" [_thread_in_native, id=18284, stack(0x009d0000,0x00a20000)]

Other Threads:
  0x00c79400 VMThread [stack: 0x025f0000,0x02640000] [id=14736]
  0x187ccc00 WatcherThread [stack: 0x18bf0000,0x18c40000] [id=16544]

VM state:not at safepoint (normal execution)

VM Mutex/Monitor currently owned by a thread: None

Heap
 def new generation   total 4928K, used 562K [0x046e0000, 0x04c30000, 0x09c30000)
  eden space 4416K,  12% used [0x046e0000, 0x0476c9d8, 0x04b30000)
  from space 512K,   0% used [0x04b30000, 0x04b30000, 0x04bb0000)
  to   space 512K,   0% used [0x04bb0000, 0x04bb0000, 0x04c30000)
 tenured generation   total 10944K, used 0K [0x09c30000, 0x0a6e0000, 0x146e0000)
   the space 10944K,   0% used [0x09c30000, 0x09c30000, 0x09c30200, 0x0a6e0000)
 compacting perm gen  total 12288K, used 1851K [0x146e0000, 0x152e0000, 0x186e0000)
   the space 12288K,  15% used [0x146e0000, 0x148aece8, 0x148aee00, 0x152e0000)
No shared spaces configured.

Card table byte_map: [0x02500000,0x025b0000] byte_map_base: 0x024dc900

Polling page: 0x00920000

Code Cache  [0x026e0000, 0x02778000, 0x046e0000)
 total_blobs=147 nmethods=12 adapters=71 free_code_cache=32174Kb largest_free_block=32946624

Compilation events (10 events):
Event: 0.055 Thread 0x187b7000    8             java.lang.CharacterDataLatin1::getProperties (11 bytes)
Event: 0.055 Thread 0x187b7000 nmethod 8 0x02771d08 code [0x02771e00, 0x02771ea0]
Event: 0.055 Thread 0x187b7000    9             java.lang.String::toLowerCase (472 bytes)
Event: 0.056 Thread 0x187b7000 nmethod 9 0x02771f48 code [0x02772160, 0x027729bc]
Event: 0.056 Thread 0x187b7000   10             java.lang.Object::<init> (1 bytes)
Event: 0.056 Thread 0x187b7000 nmethod 10 0x02773488 code [0x02773580, 0x02773610]
Event: 0.056 Thread 0x187b7000   11             java.lang.AbstractStringBuilder::append (29 bytes)
Event: 0.056 Thread 0x187b7000 nmethod 11 0x02773688 code [0x02773790, 0x0277387c]
Event: 0.070 Thread 0x187b7000   12             java.lang.String::indexOf (166 bytes)
Event: 0.070 Thread 0x187b7000 nmethod 12 0x02774008 code [0x02774120, 0x02774350]

GC Heap History (0 events):
No events

Deoptimization events (0 events):
No events

Internal exceptions (8 events):
Event: 0.020 Thread 0x026db000 Threw 0x046e6060 at C:\jdk7u2_32P\jdk7u25\hotspot\src\share\vm\prims\jni.cpp:3994
Event: 0.050 Thread 0x026db000 Threw 0x0472fd30 at C:\jdk7u2_32P\jdk7u25\hotspot\src\share\vm\prims\jvm.cpp:1235
Event: 0.058 Thread 0x026db000 Threw 0x0473a1c8 at C:\jdk7u2_32P\jdk7u25\hotspot\src\share\vm\prims\jvm.cpp:1235
Event: 0.059 Thread 0x026db000 Threw 0x0473d300 at C:\jdk7u2_32P\jdk7u25\hotspot\src\share\vm\prims\jvm.cpp:1235
Event: 0.066 Thread 0x026db000 Threw 0x04748f38 at C:\jdk7u2_32P\jdk7u25\hotspot\src\share\vm\prims\jvm.cpp:1235
Event: 0.070 Thread 0x026db000 Threw 0x04758f10 at C:\jdk7u2_32P\jdk7u25\hotspot\src\share\vm\prims\jvm.cpp:1235
Event: 0.070 Thread 0x026db000 Threw 0x0475d4f8 at C:\jdk7u2_32P\jdk7u25\hotspot\src\share\vm\prims\jvm.cpp:1235
Event: 0.071 Thread 0x026db000 Threw 0x047605f8 at C:\jdk7u2_32P\jdk7u25\hotspot\src\share\vm\prims\jvm.cpp:1235

Events (10 events):
Event: 0.068 loading class 0x026dd0b0
Event: 0.068 loading class 0x00bb6620
Event: 0.068 loading class 0x00bb6620 done
Event: 0.068 loading class 0x026dd0b0 done
Event: 0.070 loading class 0x187eb9a8
Event: 0.070 loading class 0x187eb9a8 done
Event: 0.070 loading class 0x187ebac0
Event: 0.070 loading class 0x187ebac0 done
Event: 0.071 loading class 0x187eb9f8
Event: 0.071 loading class 0x187eb9f8 done


Dynamic libraries:
0x00b60000 - 0x00b8f000 	C:\Program Files (x86)\Java\jdk1.7.0_25\bin\java.exe
0x76f60000 - 0x770b7000 	C:\Windows\SYSTEM32\ntdll.dll
0x76cd0000 - 0x76e00000 	C:\Windows\SYSTEM32\KERNEL32.DLL
0x74810000 - 0x748b6000 	C:\Windows\SYSTEM32\KERNELBASE.dll
0x72740000 - 0x727e7000 	C:\Windows\system32\apphelp.dll
0x75050000 - 0x750fe000 	C:\Windows\SYSTEM32\ADVAPI32.dll
0x749a0000 - 0x74ab6000 	C:\Windows\SYSTEM32\USER32.dll
0x721e0000 - 0x723d8000 	C:\Windows\WinSxS\x86_microsoft.windows.common-controls_6595b64144ccf1df_6.0.9200.16579_none_8937eec6860750f5\COMCTL32.dll
0x74c50000 - 0x74d01000 	C:\Windows\SYSTEM32\msvcrt.dll
0x769a0000 - 0x769d4000 	C:\Windows\SYSTEM32\sechost.dll
0x74f50000 - 0x74ffc000 	C:\Windows\SYSTEM32\RPCRT4.dll
0x76840000 - 0x7693d000 	C:\Windows\SYSTEM32\GDI32.dll
0x74590000 - 0x745ac000 	C:\Windows\SYSTEM32\SspiCli.dll
0x74580000 - 0x74589000 	C:\Windows\SYSTEM32\CRYPTBASE.dll
0x74520000 - 0x74571000 	C:\Windows\SYSTEM32\bcryptPrimitives.dll
0x76cb0000 - 0x76cd0000 	C:\Windows\system32\IMM32.DLL
0x748c0000 - 0x7499e000 	C:\Windows\SYSTEM32\MSCTF.dll
0x723f0000 - 0x724ae000 	C:\Program Files (x86)\Java\jdk1.7.0_25\jre\bin\msvcr100.dll
0x714a0000 - 0x717e2000 	C:\Program Files (x86)\Java\jdk1.7.0_25\jre\bin\client\jvm.dll
0x724b0000 - 0x724b8000 	C:\Windows\SYSTEM32\WSOCK32.dll
0x73870000 - 0x73891000 	C:\Windows\SYSTEM32\WINMM.dll
0x745f0000 - 0x745f6000 	C:\Windows\SYSTEM32\PSAPI.DLL
0x751c0000 - 0x75210000 	C:\Windows\SYSTEM32\WS2_32.dll
0x73760000 - 0x7378b000 	C:\Windows\SYSTEM32\WINMMBASE.dll
0x75100000 - 0x75108000 	C:\Windows\SYSTEM32\NSI.dll
0x75000000 - 0x75046000 	C:\Windows\SYSTEM32\cfgmgr32.dll
0x75110000 - 0x7512e000 	C:\Windows\SYSTEM32\DEVOBJ.dll
0x723e0000 - 0x723ec000 	C:\Program Files (x86)\Java\jdk1.7.0_25\jre\bin\verify.dll
0x71480000 - 0x714a0000 	C:\Program Files (x86)\Java\jdk1.7.0_25\jre\bin\java.dll
0x71460000 - 0x71473000 	C:\Program Files (x86)\Java\jdk1.7.0_25\jre\bin\zip.dll
0x18c40000 - 0x190a3000 	E:\NetBeansProjects\CoinIpoptTest\lib\jipopt.dll
0x72090000 - 0x721b9000 	C:\Windows\SYSTEM32\dbghelp.dll

VM Arguments:
jvm_args: -Dfile.encoding=UTF-8 
java_command: coinipopttest.CoinIpoptTest
Launcher Type: SUN_STANDARD

Environment Variables:
JAVA_HOME=C:\Program Files (x86)\Java\jdk1.7.0_25
PATH=C:\Users\tungc_000\AppData\Local\GitHub\PortableGit_fed20eba68b3e238e49a47cdfed0a45783d93651\bin;C:\Program Files (x86)\Common Files\Intel\Shared Libraries\redist\intel64\mpirt;C:\Program Files (x86)\Common Files\Intel\Shared Libraries\redist\intel64\compiler;C:\Program Files (x86)\Common Files\Intel\Shared Libraries\redist\ia32\mpirt;C:\Program Files (x86)\Common Files\Intel\Shared Libraries\redist\ia32\compiler;C:\Program Files (x86)\Java\jdk1.7.0_25\bin;C:\Program Files (x86)\AMD APP\bin\x86_64;C:\Windows\system32;C:\Windows;C:\Windows\System32\Wbem;C:\Windows\System32\WindowsPowerShell\v1.0\;c:\Program Files (x86)\Microsoft SQL Server\100\Tools\Binn\;c:\Program Files\Microsoft SQL Server\100\Tools\Binn\;c:\Program Files\Microsoft SQL Server\100\DTS\Binn\;c:\Program Files (x86)\Microsoft SQL Server\100\Tools\Binn\VSShell\Common7\IDE\;c:\Program Files (x86)\Microsoft SQL Server\100\DTS\Binn\;C:\Program Files\TortoiseSVN\bin;C:\Program Files (x86)\Intel\OpenCL SDK\2.0\bin\x86;C:\Program Files (x86)\Intel\OpenCL SDK\2.0\bin\x64;C:\Program Files (x86)\MiKTeX 2.9\miktex\bin\;C:\Program Files (x86)\Java\jdk1.7.0_25\bin;C:\Program Files\Microsoft\Web Platform Installer\;${INSTALLED_PATH}\tools;C:\Program Files (x86)\Microsoft ASP.NET\ASP.NET Web Pages\v1.0\;C:\Program Files\Microsoft SQL Server\110\Tools\Binn\
USERNAME=TungNT
OS=Windows_NT
PROCESSOR_IDENTIFIER=Intel64 Family 6 Model 42 Stepping 7, GenuineIntel



---------------  S Y S T E M  ---------------

OS: Windows 8 , 64 bit Build 9200 

CPU:total 4 (2 cores per cpu, 2 threads per core) family 6 model 42 stepping 7, cmov, cx8, fxsr, mmx, sse, sse2, sse3, ssse3, sse4.1, sse4.2, popcnt, avx, ht, tsc, tscinvbit

Memory: 4k page, physical 4085928k(2022760k free), swap 5527720k(2708196k free)

vm_info: Java HotSpot(TM) Client VM (23.25-b01) for windows-x86 JRE (1.7.0_25-b17), built on Jun 21 2013 13:06:48 by "java_re" with unknown MS VC++:1600

time: Tue Mar 04 08:16:18 2014
elapsed time: 0 seconds

